<?xml version="1.0" encoding="UTF-8"?>
<!-- Generated by org.testng.reporters.JUnitReportReporter -->
<testsuite skipped="1" hostname="DESKTOP-63H537C" name="Tests.ProfilePageTest" tests="2" failures="0" timestamp="2020-07-24T19:26:44 PDT" time="2.362" errors="1">
  <testcase name="setup" time="2.362" classname="Tests.ProfilePageTest">
    <error type="org.openqa.selenium.SessionNotCreatedException" message="session not created: This version of ChromeDriver only supports Chrome version 80
Build info: version: &#039;3.141.59&#039;, revision: &#039;e82be7d358&#039;, time: &#039;2018-11-14T08:17:03&#039;
System info: host: &#039;DESKTOP-63H537C&#039;, ip: &#039;192.168.0.91&#039;, os.name: &#039;Windows 10&#039;, os.arch: &#039;amd64&#039;, os.version: &#039;10.0&#039;, java.version: &#039;1.8.0_252&#039;
Driver info: driver.version: ChromeDriver
remote stacktrace: Backtrace:
	Ordinal0 [0x001E0AE3+1706723]
	Ordinal0 [0x001468C1+1075393]
	Ordinal0 [0x000BDFA9+516009]
	Ordinal0 [0x00050554+66900]
	Ordinal0 [0x0004CCE2+52450]
	Ordinal0 [0x0006BFD7+180183]
	Ordinal0 [0x0006BDDD+179677]
	Ordinal0 [0x00069D4B+171339]
	Ordinal0 [0x00051D4A+73034]
	Ordinal0 [0x00052DC0+77248]
	Ordinal0 [0x00052D59+77145]
	Ordinal0 [0x0015BB37+1162039]
	GetHandleVerifier [0x0027A7C6+508998]
	GetHandleVerifier [0x0027A504+508292]
	GetHandleVerifier [0x0028F617+594583]
	GetHandleVerifier [0x0027B036+511158]
	Ordinal0 [0x00153FFC+1130492]
	Ordinal0 [0x0015D49B+1168539]
	Ordinal0 [0x0015D603+1168899]
	Ordinal0 [0x00175B05+1268485]
	BaseThreadInitThunk [0x7734F989+25]
	RtlGetAppContainerNamedObjectPath [0x77757084+228]
	RtlGetAppContainerNamedObjectPath [0x77757054+180]
	(No symbol) [0x00000000]
">
      <![CDATA[org.openqa.selenium.SessionNotCreatedException: session not created: This version of ChromeDriver only supports Chrome version 80
Build info: version: '3.141.59', revision: 'e82be7d358', time: '2018-11-14T08:17:03'
System info: host: 'DESKTOP-63H537C', ip: '192.168.0.91', os.name: 'Windows 10', os.arch: 'amd64', os.version: '10.0', java.version: '1.8.0_252'
Driver info: driver.version: ChromeDriver
remote stacktrace: Backtrace:
Ordinal0 [0x001E0AE3+1706723]
Ordinal0 [0x001468C1+1075393]
Ordinal0 [0x000BDFA9+516009]
Ordinal0 [0x00050554+66900]
Ordinal0 [0x0004CCE2+52450]
Ordinal0 [0x0006BFD7+180183]
Ordinal0 [0x0006BDDD+179677]
Ordinal0 [0x00069D4B+171339]
Ordinal0 [0x00051D4A+73034]
Ordinal0 [0x00052DC0+77248]
Ordinal0 [0x00052D59+77145]
Ordinal0 [0x0015BB37+1162039]
GetHandleVerifier [0x0027A7C6+508998]
GetHandleVerifier [0x0027A504+508292]
GetHandleVerifier [0x0028F617+594583]
GetHandleVerifier [0x0027B036+511158]
Ordinal0 [0x00153FFC+1130492]
Ordinal0 [0x0015D49B+1168539]
Ordinal0 [0x0015D603+1168899]
Ordinal0 [0x00175B05+1268485]
BaseThreadInitThunk [0x7734F989+25]
RtlGetAppContainerNamedObjectPath [0x77757084+228]
RtlGetAppContainerNamedObjectPath [0x77757054+180]
(No symbol) [0x00000000]

at sun.reflect.NativeConstructorAccessorImpl.newInstance0(Native Method)
at sun.reflect.NativeConstructorAccessorImpl.newInstance(NativeConstructorAccessorImpl.java:62)
at sun.reflect.DelegatingConstructorAccessorImpl.newInstance(DelegatingConstructorAccessorImpl.java:45)
at java.lang.reflect.Constructor.newInstance(Constructor.java:423)
at org.openqa.selenium.remote.W3CHandshakeResponse.lambda$errorHandler$0(W3CHandshakeResponse.java:62)
at org.openqa.selenium.remote.HandshakeResponse.lambda$getResponseFunction$0(HandshakeResponse.java:30)
at org.openqa.selenium.remote.ProtocolHandshake.lambda$createSession$0(ProtocolHandshake.java:126)
at java.util.stream.ReferencePipeline$3$1.accept(ReferencePipeline.java:193)
at java.util.Spliterators$ArraySpliterator.tryAdvance(Spliterators.java:958)
at java.util.stream.ReferencePipeline.forEachWithCancel(ReferencePipeline.java:126)
at java.util.stream.AbstractPipeline.copyIntoWithCancel(AbstractPipeline.java:499)
at java.util.stream.AbstractPipeline.copyInto(AbstractPipeline.java:486)
at java.util.stream.AbstractPipeline.wrapAndCopyInto(AbstractPipeline.java:472)
at java.util.stream.FindOps$FindOp.evaluateSequential(FindOps.java:152)
at java.util.stream.AbstractPipeline.evaluate(AbstractPipeline.java:234)
at java.util.stream.ReferencePipeline.findFirst(ReferencePipeline.java:531)
at org.openqa.selenium.remote.ProtocolHandshake.createSession(ProtocolHandshake.java:128)
at org.openqa.selenium.remote.ProtocolHandshake.createSession(ProtocolHandshake.java:74)
at org.openqa.selenium.remote.HttpCommandExecutor.execute(HttpCommandExecutor.java:136)
at org.openqa.selenium.remote.service.DriverCommandExecutor.execute(DriverCommandExecutor.java:83)
at org.openqa.selenium.remote.RemoteWebDriver.execute(RemoteWebDriver.java:552)
at org.openqa.selenium.remote.RemoteWebDriver.startSession(RemoteWebDriver.java:213)
at org.openqa.selenium.remote.RemoteWebDriver.<init>(RemoteWebDriver.java:131)
at org.openqa.selenium.chrome.ChromeDriver.<init>(ChromeDriver.java:181)
at org.openqa.selenium.chrome.ChromeDriver.<init>(ChromeDriver.java:168)
at org.openqa.selenium.chrome.ChromeDriver.<init>(ChromeDriver.java:157)
at Framework.ChromeDriverManager.createDriver(ChromeDriverManager.java:24)
at Framework.DriverManager.getDriver(DriverManager.java:12)
at Framework.TestBase.setup(TestBase.java:55)
at sun.reflect.NativeMethodAccessorImpl.invoke0(Native Method)
at sun.reflect.NativeMethodAccessorImpl.invoke(NativeMethodAccessorImpl.java:62)
at sun.reflect.DelegatingMethodAccessorImpl.invoke(DelegatingMethodAccessorImpl.java:43)
at java.lang.reflect.Method.invoke(Method.java:498)
at org.testng.internal.MethodInvocationHelper.invokeMethod(MethodInvocationHelper.java:134)
at org.testng.internal.MethodInvocationHelper.invokeMethodConsideringTimeout(MethodInvocationHelper.java:63)
at org.testng.internal.ConfigInvoker.invokeConfigurationMethod(ConfigInvoker.java:348)
at org.testng.internal.ConfigInvoker.invokeConfigurations(ConfigInvoker.java:302)
at org.testng.internal.TestInvoker.runConfigMethods(TestInvoker.java:695)
at org.testng.internal.TestInvoker.invokeMethod(TestInvoker.java:523)
at org.testng.internal.TestInvoker.invokeTestMethod(TestInvoker.java:173)
at org.testng.internal.MethodRunner.runInSequence(MethodRunner.java:46)
at org.testng.internal.TestInvoker$MethodInvocationAgent.invoke(TestInvoker.java:816)
at org.testng.internal.TestInvoker.invokeTestMethods(TestInvoker.java:146)
at org.testng.internal.TestMethodWorker.invokeTestMethods(TestMethodWorker.java:146)
at org.testng.internal.TestMethodWorker.run(TestMethodWorker.java:128)
at java.util.ArrayList.forEach(ArrayList.java:1257)
at org.testng.TestRunner.privateRun(TestRunner.java:766)
at org.testng.TestRunner.run(TestRunner.java:587)
at org.testng.SuiteRunner.runTest(SuiteRunner.java:384)
at org.testng.SuiteRunner.runSequentially(SuiteRunner.java:378)
at org.testng.SuiteRunner.privateRun(SuiteRunner.java:337)
at org.testng.SuiteRunner.run(SuiteRunner.java:286)
at org.testng.SuiteRunnerWorker.runSuite(SuiteRunnerWorker.java:53)
at org.testng.SuiteRunnerWorker.run(SuiteRunnerWorker.java:96)
at org.testng.TestNG.runSuitesSequentially(TestNG.java:1187)
at org.testng.TestNG.runSuitesLocally(TestNG.java:1109)
at org.testng.TestNG.runSuites(TestNG.java:1039)
at org.testng.TestNG.run(TestNG.java:1007)
at org.testng.remote.AbstractRemoteTestNG.run(AbstractRemoteTestNG.java:115)
at org.testng.remote.RemoteTestNG.initAndRun(RemoteTestNG.java:251)
at org.testng.remote.RemoteTestNG.main(RemoteTestNG.java:77)
]]>
    </error>
  </testcase> <!-- setup -->
  <system-out/>
  <testcase name="canOpenLinkedInProfile" time="0.000" classname="Tests.ProfilePageTest">
    <skipped/>
  </testcase> <!-- canOpenLinkedInProfile -->
  <system-out/>
</testsuite> <!-- Tests.ProfilePageTest -->
